<?xml version="1.0" encoding="UTF-8"?>
<testng-results ignored="0" total="1" passed="1" failed="0" skipped="0">
  <reporter-output>
  </reporter-output>
  <suite started-at="2024-03-29T12:46:17 MYT" name="Default suite" finished-at="2024-03-29T12:46:33 MYT" duration-ms="16336">
    <groups>
    </groups>
    <test started-at="2024-03-29T12:46:17 MYT" name="Default test" finished-at="2024-03-29T12:46:33 MYT" duration-ms="16336">
      <class name="web.TestClass">
        <test-method is-config="true" signature="startUp()[pri:0, instance:web.TestClass@3cebbb30]" started-at="2024-03-29T12:46:17 MYT" name="startUp" finished-at="2024-03-29T12:46:19 MYT" duration-ms="2484" status="PASS">
          <reporter-output>
          </reporter-output>
        </test-method> <!-- startUp -->
        <test-method signature="backOfficeLogin()[pri:0, instance:web.TestClass@3cebbb30]" started-at="2024-03-29T12:46:19 MYT" name="backOfficeLogin" finished-at="2024-03-29T12:46:33 MYT" duration-ms="13726" status="PASS">
          <reporter-output>
          </reporter-output>
        </test-method> <!-- backOfficeLogin -->
        <test-method is-config="true" signature="end()[pri:0, instance:web.TestClass@3cebbb30]" started-at="2024-03-29T12:46:33 MYT" name="end" finished-at="2024-03-29T12:46:33 MYT" duration-ms="108" status="PASS">
          <reporter-output>
          </reporter-output>
        </test-method> <!-- end -->
      </class> <!-- web.TestClass -->
    </test> <!-- Default test -->
  </suite> <!-- Default suite -->
</testng-results>
